D:\Visual Studio\MSBuild\Microsoft\VC\v160\Microsoft.CppBuild.targets(467,5): warning MSB8028: The intermediate directory (x64\Debug\) contains files shared from another project (WTelApi.vcxproj).  This can lead to incorrect clean and rebuild behavior.
  main.cpp
C:\Users\poles\Desktop\C++\Telegram-Bot API-C++\Telegram-Bot-Api-Cpp\include\types.h(182,24): warning C4018: '<': signed/unsigned mismatch
C:\Users\poles\Desktop\C++\Telegram-Bot API-C++\Telegram-Bot-Api-Cpp\include\types.h(695,25): warning C4018: '<': signed/unsigned mismatch
C:\Users\poles\Desktop\C++\Telegram-Bot API-C++\Telegram-Bot-Api-Cpp\include\types.h(706,26): warning C4018: '<': signed/unsigned mismatch
C:\Users\poles\Desktop\C++\Telegram-Bot API-C++\Telegram-Bot-Api-Cpp\include\types.h(730,25): warning C4018: '<': signed/unsigned mismatch
C:\Users\poles\Desktop\C++\Telegram-Bot API-C++\Telegram-Bot-Api-Cpp\include\types.h(764,25): warning C4018: '<': signed/unsigned mismatch
C:\Users\poles\Desktop\C++\Telegram-Bot API-C++\Telegram-Bot-Api-Cpp\include\types.h(775,26): warning C4018: '<': signed/unsigned mismatch
C:\Users\poles\Desktop\C++\Telegram-Bot API-C++\Telegram-Bot-Api-Cpp\include\types.h(799,25): warning C4018: '<': signed/unsigned mismatch
  TelegramAPI.cpp
C:\Users\poles\Desktop\C++\Telegram-Bot API-C++\Telegram-Bot-Api-Cpp\include\types.h(182,24): warning C4018: '<': signed/unsigned mismatch
C:\Users\poles\Desktop\C++\Telegram-Bot API-C++\Telegram-Bot-Api-Cpp\include\types.h(695,25): warning C4018: '<': signed/unsigned mismatch
C:\Users\poles\Desktop\C++\Telegram-Bot API-C++\Telegram-Bot-Api-Cpp\include\types.h(706,26): warning C4018: '<': signed/unsigned mismatch
C:\Users\poles\Desktop\C++\Telegram-Bot API-C++\Telegram-Bot-Api-Cpp\include\types.h(730,25): warning C4018: '<': signed/unsigned mismatch
C:\Users\poles\Desktop\C++\Telegram-Bot API-C++\Telegram-Bot-Api-Cpp\include\types.h(764,25): warning C4018: '<': signed/unsigned mismatch
C:\Users\poles\Desktop\C++\Telegram-Bot API-C++\Telegram-Bot-Api-Cpp\include\types.h(775,26): warning C4018: '<': signed/unsigned mismatch
C:\Users\poles\Desktop\C++\Telegram-Bot API-C++\Telegram-Bot-Api-Cpp\include\types.h(799,25): warning C4018: '<': signed/unsigned mismatch
  Generating Code...
main.obj : error LNK2019: unresolved external symbol curl_easy_init referenced in function "private: void __cdecl TelegramTypes::API::sendQuery(class std::basic_string<char,struct std::char_traits<char>,class std::allocator<char> > &)" (?sendQuery@API@TelegramTypes@@AEAAXAEAV?$basic_string@DU?$char_traits@D@std@@V?$allocator@D@2@@std@@@Z)
TelegramAPI.obj : error LNK2001: unresolved external symbol curl_easy_init
main.obj : error LNK2019: unresolved external symbol curl_easy_setopt referenced in function "private: void __cdecl TelegramTypes::API::sendQuery(class std::basic_string<char,struct std::char_traits<char>,class std::allocator<char> > &)" (?sendQuery@API@TelegramTypes@@AEAAXAEAV?$basic_string@DU?$char_traits@D@std@@V?$allocator@D@2@@std@@@Z)
TelegramAPI.obj : error LNK2001: unresolved external symbol curl_easy_setopt
main.obj : error LNK2019: unresolved external symbol curl_easy_perform referenced in function "private: void __cdecl TelegramTypes::API::sendQuery(class std::basic_string<char,struct std::char_traits<char>,class std::allocator<char> > &)" (?sendQuery@API@TelegramTypes@@AEAAXAEAV?$basic_string@DU?$char_traits@D@std@@V?$allocator@D@2@@std@@@Z)
TelegramAPI.obj : error LNK2001: unresolved external symbol curl_easy_perform
main.obj : error LNK2019: unresolved external symbol curl_easy_cleanup referenced in function "private: void __cdecl TelegramTypes::API::sendQuery(class std::basic_string<char,struct std::char_traits<char>,class std::allocator<char> > &)" (?sendQuery@API@TelegramTypes@@AEAAXAEAV?$basic_string@DU?$char_traits@D@std@@V?$allocator@D@2@@std@@@Z)
TelegramAPI.obj : error LNK2001: unresolved external symbol curl_easy_cleanup
libcurl.lib : warning LNK4272: library machine type 'x86' conflicts with target machine type 'x64'
C:\Users\poles\Desktop\C++\Telegram-Bot API-C++\x64\Debug\Telegram-Bot-Api-Cpp.exe : fatal error LNK1120: 4 unresolved externals
